<?xml version="1.0" encoding="UTF-8"?>
<!-- Generated by org.testng.reporters.JUnitXMLReporter -->
<testsuite hostname="kareem-5558" ignored="0" name="HomePageTests" tests="3" failures="0" timestamp="2022-02-07T21:21:10 EET" time="16.822" errors="0">
  <testcase name="testGoogleLogoIsDisplayed" time="0.151" classname="com.google.tests.GoogleTests"/>
  <testcase name="testGoogleTitle" time="0.007" classname="com.google.tests.GoogleTests"/>
  <testcase name="testSearchResultIsNotEmpty" time="0.306" classname="com.google.tests.GoogleTests"/>
</testsuite> <!-- HomePageTests -->
