<?xml version="1.0" encoding="UTF-8"?>
<testng-results ignored="0" total="2" passed="2" failed="0" skipped="0">
  <reporter-output>
  </reporter-output>
  <suite started-at="2022-02-09T00:28:19 EET" name="GoogleSuite" finished-at="2022-02-09T00:28:34 EET" duration-ms="14624">
    <groups>
    </groups>
    <test started-at="2022-02-09T00:28:19 EET" name="HomePageTests" finished-at="2022-02-09T00:28:34 EET" duration-ms="14624">
      <class name="com.google.tests.GoogleTests">
        <test-method is-config="true" signature="setUp()[pri:0, instance:com.google.tests.GoogleTests@5ef60048]" started-at="2022-02-09T00:28:19 EET" name="setUp" finished-at="2022-02-09T00:28:27 EET" duration-ms="7952" status="PASS">
          <reporter-output>
          </reporter-output>
        </test-method> <!-- setUp -->
        <test-method is-config="true" signature="goToHomePage()[pri:0, instance:com.google.tests.GoogleTests@5ef60048]" started-at="2022-02-09T00:28:27 EET" name="goToHomePage" finished-at="2022-02-09T00:28:30 EET" duration-ms="2966" status="PASS">
          <reporter-output>
          </reporter-output>
        </test-method> <!-- goToHomePage -->
        <test-method signature="testGoogleLogoIsDisplayed()[pri:0, instance:com.google.tests.GoogleTests@5ef60048]" started-at="2022-02-09T00:28:30 EET" name="testGoogleLogoIsDisplayed" finished-at="2022-02-09T00:28:30 EET" duration-ms="186" status="PASS">
          <reporter-output>
          </reporter-output>
        </test-method> <!-- testGoogleLogoIsDisplayed -->
        <test-method is-config="true" signature="goToHomePage()[pri:0, instance:com.google.tests.GoogleTests@5ef60048]" started-at="2022-02-09T00:28:30 EET" name="goToHomePage" finished-at="2022-02-09T00:28:32 EET" duration-ms="1274" status="PASS">
          <reporter-output>
          </reporter-output>
        </test-method> <!-- goToHomePage -->
        <test-method signature="testGoogleTitle()[pri:0, instance:com.google.tests.GoogleTests@5ef60048]" started-at="2022-02-09T00:28:32 EET" name="testGoogleTitle" finished-at="2022-02-09T00:28:32 EET" duration-ms="13" status="PASS">
          <reporter-output>
          </reporter-output>
        </test-method> <!-- testGoogleTitle -->
        <test-method is-config="true" signature="tearDown()[pri:0, instance:com.google.tests.GoogleTests@5ef60048]" started-at="2022-02-09T00:28:32 EET" name="tearDown" finished-at="2022-02-09T00:28:34 EET" duration-ms="2176" status="PASS">
          <reporter-output>
          </reporter-output>
        </test-method> <!-- tearDown -->
      </class> <!-- com.google.tests.GoogleTests -->
    </test> <!-- HomePageTests -->
  </suite> <!-- GoogleSuite -->
</testng-results>
