<?xml version="1.0" encoding="UTF-8"?>
<testsuite xmlns:xsi="http://www.w3.org/2001/XMLSchema-instance" xsi:noNamespaceSchemaLocation="https://maven.apache.org/surefire/maven-surefire-plugin/xsd/surefire-test-report.xsd" name="TestSuite" time="17.563" tests="3" errors="0" skipped="0" failures="0">
  <properties>
[...]
</properties>
  <testcase name="testGoogleLogoIsDisplayed" classname="com.google.tests.GoogleTests" time="0.152"/>
  <testcase name="testGoogleTitle" classname="com.google.tests.GoogleTests" time="0.009"/>
  <testcase name="testSearchResultIsNotEmpty" classname="com.google.tests.GoogleTests" time="0.309"/>
</testsuite>